<?xml version="1.0" encoding="UTF-8"?>
<testsuite name="com.telran.oscarLatestVersion.tests.product.BookPageTests" tests="1" skipped="0" failures="0" errors="0" timestamp="2023-03-15T21:37:32" hostname="DESKTOP-2P46JD9" time="1.226">
  <properties/>
  <testcase name="UITest" classname="com.telran.oscarLatestVersion.tests.product.BookPageTests" time="1.226"/>
  <system-out><![CDATA[https://latest.oscarcommerce.com/media/cache/e4/44/e444f8f534bfc8bdc4765c3919fd3a4a.jpg - OK
]]></system-out>
  <system-err><![CDATA[Starting ChromeDriver 110.0.5481.77 (65ed616c6e8ee3fe0ad64fe83796c020644d42af-refs/branch-heads/5481@{#839}) on port 28384
Only local connections are allowed.
Please see https://chromedriver.chromium.org/security-considerations for suggestions on keeping ChromeDriver safe.
ChromeDriver was started successfully.
[1678916248.481][WARNING]: This version of ChromeDriver has not been tested with Chrome version 111.
[1678916248.486][WARNING]: virtual void DevToolsClientImpl::AddListener(DevToolsEventListener *) subscribing a listener to the already connected DevToolsClient. Connection notification will not arrive.
März 15, 2023 10:37:28 PM org.openqa.selenium.remote.ProtocolHandshake createSession
INFORMATION: Detected dialect: W3C
]]></system-err>
</testsuite>
